Using pre-set license
Built from '2020.2/release' branch; Version is '2020.2.2f1 (068178b99f32) revision 426360'; Using compiler version '192528614'; Build Type 'Release'
OS: 'Windows 10 Pro; OS build 19042.867; Version 2009; 64bit' Language: 'en' Physical Memory: 16318 MB
BatchMode: 1, IsHumanControllingUs: 0, StartBugReporterOnCrash: 0, Is64bit: 1, IsPro: 0

 COMMAND LINE ARGUMENTS:
C:\Program Files\Unity\Hub\Editor\2020.2.2f1\Editor\Unity.exe
-adb2
-batchMode
-noUpm
-name
AssetImportWorker0
-projectPath
C:/Users/PAP0/Downloads/GPREindOpdracht-main/GPREindOpdracht-main/GPREindopdracht-main
-logFile
Logs/AssetImportWorker0.log
-srvPort
50610
Successfully changed project path to: C:/Users/PAP0/Downloads/GPREindOpdracht-main/GPREindOpdracht-main/GPREindopdracht-main
C:/Users/PAP0/Downloads/GPREindOpdracht-main/GPREindOpdracht-main/GPREindopdracht-main
Using Asset Import Pipeline V2.
Refreshing native plugins compatible for Editor in 26.81 ms, found 0 plugins.
Preloading 0 native plugins for Editor in 0.00 ms.
Initialize engine version: 2020.2.2f1 (068178b99f32)
[Subsystems] Discovering subsystems at path C:/Program Files/Unity/Hub/Editor/2020.2.2f1/Editor/Data/Resources/UnitySubsystems
[Subsystems] Discovering subsystems at path C:/Users/PAP0/Downloads/GPREindOpdracht-main/GPREindOpdracht-main/GPREindopdracht-main/Assets
GfxDevice: creating device client; threaded=0
Direct3D:
    Version:  Direct3D 11.0 [level 11.1]
    Renderer: NVIDIA GeForce RTX 3070 (ID=0x2484)
    Vendor:   
    VRAM:     8043 MB
    Driver:   27.21.14.6589
Initialize mono
Mono path[0] = 'C:/Program Files/Unity/Hub/Editor/2020.2.2f1/Editor/Data/Managed'
Mono path[1] = 'C:/Program Files/Unity/Hub/Editor/2020.2.2f1/Editor/Data/MonoBleedingEdge/lib/mono/unityjit'
Mono config path = 'C:/Program Files/Unity/Hub/Editor/2020.2.2f1/Editor/Data/MonoBleedingEdge/etc'
Using monoOptions --debugger-agent=transport=dt_socket,embedding=1,server=y,suspend=n,address=127.0.0.1:56888
Begin MonoManager ReloadAssembly
Registering precompiled unity dll's ...
Register platform support module: C:/Program Files/Unity/Hub/Editor/2020.2.2f1/Editor/Data/PlaybackEngines/WindowsStandaloneSupport/UnityEditor.WindowsStandalone.Extensions.dll
Registered in 0.002423 seconds.
Native extension for WindowsStandalone target not found
Refreshing native plugins compatible for Editor in 24.31 ms, found 0 plugins.
Preloading 0 native plugins for Editor in 0.00 ms.
Invoked RoslynAnalysisRunner static constructor.
RoslynAnalysisRunner will not be running.
RoslynAnalysisRunner has terminated.
Mono: successfully reloaded assembly
- Completed reload, in  1.281 seconds
Platform modules already initialized, skipping
Registering precompiled user dll's ...
Registered in 0.000785 seconds.
Begin MonoManager ReloadAssembly
Native extension for WindowsStandalone target not found
Refreshing native plugins compatible for Editor in 0.21 ms, found 0 plugins.
Preloading 0 native plugins for Editor in 0.00 ms.
Invoked RoslynAnalysisRunner static constructor.
RoslynAnalysisRunner will not be running.
RoslynAnalysisRunner has terminated.
Mono: successfully reloaded assembly
- Completed reload, in  0.907 seconds
Platform modules already initialized, skipping
========================================================================
Worker process is ready to serve import requests
Launched and connected shader compiler UnityShaderCompiler.exe after 0.04 seconds
Refreshing native plugins compatible for Editor in 0.20 ms, found 0 plugins.
Preloading 0 native plugins for Editor in 0.00 ms.
Unloading 1083 Unused Serialized files (Serialized files now loaded: 0)
System memory in use before: 56.4 MB.
System memory in use after: 56.5 MB.

Unloading 9 unused Assets to reduce memory usage. Loaded Objects now: 1525.
Total: 3.109200 ms (FindLiveObjects: 0.257500 ms CreateObjectMapping: 0.046300 ms MarkObjects: 2.709200 ms  DeleteObjects: 0.094100 ms)

========================================================================
Received Import Request.
  path: Assets/Scripts
  artifactKey: Guid(2015b22c6e0875449b1961db8256c6d1) Importer(815301076,1909f56bfc062723c751e8b465ee728b)
Start importing Assets/Scripts using Guid(2015b22c6e0875449b1961db8256c6d1) Importer(815301076,1909f56bfc062723c751e8b465ee728b)  -> (artifact id: '9c2c4ea82708cbf661e92a57d929f17c') in 0.010150 seconds
  Import took 0.012022 seconds .

========================================================================
Received Import Request.
  Time since last request: 0.000211 seconds.
  path: Assets/Scripts/Tween.cs
  artifactKey: Guid(a12d46d0454344c4ab336166f979c4ae) Importer(815301076,1909f56bfc062723c751e8b465ee728b)
Start importing Assets/Scripts/Tween.cs using Guid(a12d46d0454344c4ab336166f979c4ae) Importer(815301076,1909f56bfc062723c751e8b465ee728b)  -> (artifact id: 'c267b8644c3120c762a9f491b0728735') in 0.080398 seconds
  Import took 0.082372 seconds .

========================================================================
Received Import Request.
  Time since last request: 27.227902 seconds.
  path: Assets/Scripts/TweenMachine.cs
  artifactKey: Guid(af53fa09bf22af141b3864240aa54616) Importer(815301076,1909f56bfc062723c751e8b465ee728b)
Start importing Assets/Scripts/TweenMachine.cs using Guid(af53fa09bf22af141b3864240aa54616) Importer(815301076,1909f56bfc062723c751e8b465ee728b)  -> (artifact id: '88dee85a193e2137645f0620be7ede4a') in 0.007319 seconds
  Import took 0.009353 seconds .

========================================================================
Received Import Request.
  Time since last request: 0.000421 seconds.
  path: Assets/Scripts/TweenMachine.cs
  artifactKey: Guid(af53fa09bf22af141b3864240aa54616) Importer(815301076,1909f56bfc062723c751e8b465ee728b)
Start importing Assets/Scripts/TweenMachine.cs using Guid(af53fa09bf22af141b3864240aa54616) Importer(815301076,1909f56bfc062723c751e8b465ee728b)  -> (artifact id: '88dee85a193e2137645f0620be7ede4a') in 0.003459 seconds
  Import took 0.005322 seconds .

========================================================================
Received Import Request.
  Time since last request: 14.330690 seconds.
  path: Assets/Scripts/TweenPosition.cs
  artifactKey: Guid(8eda4ecfa3fc2824cb42b0ff20445e9f) Importer(815301076,1909f56bfc062723c751e8b465ee728b)
Start importing Assets/Scripts/TweenPosition.cs using Guid(8eda4ecfa3fc2824cb42b0ff20445e9f) Importer(815301076,1909f56bfc062723c751e8b465ee728b)  -> (artifact id: 'bb1201250e81fb325210845006679a46') in 0.008273 seconds
  Import took 0.010624 seconds .

========================================================================
Received Import Request.
  Time since last request: 1.013414 seconds.
  path: Assets/Scripts/TweenRotate.cs
  artifactKey: Guid(2a82df039b68e97439cca9656a40884a) Importer(815301076,1909f56bfc062723c751e8b465ee728b)
Start importing Assets/Scripts/TweenRotate.cs using Guid(2a82df039b68e97439cca9656a40884a) Importer(815301076,1909f56bfc062723c751e8b465ee728b)  -> (artifact id: 'a702a426c5c654b41bfed053ffd3a59a') in 0.008065 seconds
  Import took 0.010141 seconds .

========================================================================
Received Import Request.
  Time since last request: 2.420371 seconds.
  path: Assets/Scripts/TweenTester.cs
  artifactKey: Guid(fed1380b677a92c438ce848bd900c193) Importer(815301076,1909f56bfc062723c751e8b465ee728b)
Start importing Assets/Scripts/TweenTester.cs using Guid(fed1380b677a92c438ce848bd900c193) Importer(815301076,1909f56bfc062723c751e8b465ee728b)  -> (artifact id: '67e08c1aec7ef360369fcedd5be15465') in 0.007742 seconds
  Import took 0.009513 seconds .

AssetImportWorkerClient::OnTransportError - code=2 error=End of file
